2025-11-01 04:59:55 [INFO] servidor:  Logging configurado correctamente
2025-11-01 04:59:55 [INFO] paezlobato_servidor: Aplicaci贸n iniciada
2025-11-01 04:59:55 [WARNING] paezlobato_servidor: Aviso: faltan datos de facturaci贸n
2025-11-01 04:59:55 [ERROR] paezlobato_servidor: Error al conectar con MySQL
NoneType: None
2025-11-01 04:59:56 [INFO] servidor:  Logging configurado correctamente
2025-11-01 04:59:56 [INFO] paezlobato_servidor: Aplicaci贸n iniciada
2025-11-01 04:59:56 [WARNING] paezlobato_servidor: Aviso: faltan datos de facturaci贸n
2025-11-01 04:59:56 [ERROR] paezlobato_servidor: Error al conectar con MySQL
NoneType: None
2025-11-01 04:59:56 [INFO] servidor:  Logging configurado correctamente
2025-11-01 04:59:56 [INFO] paezlobato_servidor: Aplicaci贸n iniciada
2025-11-01 04:59:56 [WARNING] paezlobato_servidor: Aviso: faltan datos de facturaci贸n
2025-11-01 04:59:56 [ERROR] paezlobato_servidor: Error al conectar con MySQL
NoneType: None
2025-11-01 05:01:01 [INFO] configurar_logs:  Logging configurado correctamente
2025-11-01 05:01:01 [INFO] paezlobato_servidor: Aplicaci贸n iniciada
2025-11-01 05:01:01 [WARNING] paezlobato_servidor: Aviso: faltan datos de facturaci贸n
2025-11-01 05:01:01 [ERROR] paezlobato_servidor: Error al conectar con MySQL
NoneType: None
2025-11-01 05:01:01 [INFO] configurar_logs:  Logging configurado correctamente
2025-11-01 05:01:01 [INFO] paezlobato_servidor: Aplicaci贸n iniciada
2025-11-01 05:01:01 [WARNING] paezlobato_servidor: Aviso: faltan datos de facturaci贸n
2025-11-01 05:01:01 [ERROR] paezlobato_servidor: Error al conectar con MySQL
NoneType: None
2025-11-01 05:11:11 [INFO] configurar_logs:  Logging configurado correctamente
2025-11-01 05:11:11 [INFO] paezlobato_servidor: Aplicaci贸n iniciada
2025-11-01 05:11:11 [WARNING] paezlobato_servidor: Aviso: faltan datos de facturaci贸n
2025-11-01 05:11:11 [ERROR] paezlobato_servidor: Error al conectar con MySQL
NoneType: None
2025-11-01 05:11:12 [INFO] configurar_logs:  Logging configurado correctamente
2025-11-01 05:11:12 [INFO] paezlobato_servidor: Aplicaci贸n iniciada
2025-11-01 05:11:12 [WARNING] paezlobato_servidor: Aviso: faltan datos de facturaci贸n
2025-11-01 05:11:12 [ERROR] paezlobato_servidor: Error al conectar con MySQL
NoneType: None
2025-11-01 05:11:12 [INFO] configurar_logs:  Logging configurado correctamente
2025-11-01 05:11:12 [INFO] paezlobato_servidor: Aplicaci贸n iniciada
2025-11-01 05:11:12 [WARNING] paezlobato_servidor: Aviso: faltan datos de facturaci贸n
2025-11-01 05:11:12 [ERROR] paezlobato_servidor: Error al conectar con MySQL
NoneType: None
2025-11-01 05:11:56 [INFO] configurar_logs:  Logging configurado correctamente
2025-11-01 05:11:56 [INFO] paezlobato_servidor: Aplicaci贸n iniciada
2025-11-01 05:11:56 [WARNING] paezlobato_servidor: Aviso: faltan datos de facturaci贸n
2025-11-01 05:11:56 [ERROR] paezlobato_servidor: Error al conectar con MySQL
NoneType: None
2025-11-01 05:11:56 [INFO] configurar_logs:  Logging configurado correctamente
2025-11-01 05:11:56 [INFO] paezlobato_servidor: Aplicaci贸n iniciada
2025-11-01 05:11:56 [WARNING] paezlobato_servidor: Aviso: faltan datos de facturaci贸n
2025-11-01 05:11:56 [ERROR] paezlobato_servidor: Error al conectar con MySQL
NoneType: None
2025-11-01 05:12:05 [INFO] configurar_logs:  Logging configurado correctamente
2025-11-01 05:12:05 [INFO] paezlobato_servidor: Aplicaci贸n iniciada
2025-11-01 05:12:05 [WARNING] paezlobato_servidor: Aviso: faltan datos de facturaci贸n
2025-11-01 05:12:05 [ERROR] paezlobato_servidor: Error al conectar con MySQL
NoneType: None
2025-11-01 05:12:05 [INFO] configurar_logs:  Logging configurado correctamente
2025-11-01 05:12:05 [INFO] paezlobato_servidor: Aplicaci贸n iniciada
2025-11-01 05:12:05 [WARNING] paezlobato_servidor: Aviso: faltan datos de facturaci贸n
2025-11-01 05:12:05 [ERROR] paezlobato_servidor: Error al conectar con MySQL
NoneType: None
