2025-11-01 05:28:52 [INFO] configurar_logs:  Logging configurado correctamente
2025-11-01 05:28:52 [INFO] paezlobato_servidor: Aplicaci贸n iniciada
2025-11-01 05:28:52 [WARNING] paezlobato_servidor: Aviso: faltan datos de facturaci贸n
2025-11-01 05:28:52 [ERROR] paezlobato_servidor: Error al conectar con MySQL
NoneType: None
2025-11-01 05:28:53 [INFO] configurar_logs:  Logging configurado correctamente
2025-11-01 05:28:53 [INFO] paezlobato_servidor: Aplicaci贸n iniciada
2025-11-01 05:28:53 [WARNING] paezlobato_servidor: Aviso: faltan datos de facturaci贸n
2025-11-01 05:28:53 [ERROR] paezlobato_servidor: Error al conectar con MySQL
NoneType: None
2025-11-01 05:30:46 [INFO] configurar_logs:  Logging configurado correctamente
2025-11-01 05:30:46 [INFO] paezlobato_servidor: Aplicaci贸n iniciada
2025-11-01 05:30:46 [WARNING] paezlobato_servidor: Aviso: faltan datos de facturaci贸n
2025-11-01 05:30:46 [ERROR] paezlobato_servidor: Error al conectar con MySQL
NoneType: None
2025-11-01 05:31:32 [INFO] configurar_logs:  Logging configurado correctamente
2025-11-01 05:31:32 [INFO] paezlobato_servidor: Aplicaci贸n iniciada
2025-11-01 05:31:32 [WARNING] paezlobato_servidor: Aviso: faltan datos de facturaci贸n
2025-11-01 05:31:32 [ERROR] paezlobato_servidor: Error al conectar con MySQL
NoneType: None
2025-11-01 05:32:54 [INFO] configurar_logs:  Logging configurado correctamente
2025-11-01 05:32:54 [INFO] paezlobato_servidor: Aplicaci贸n iniciada
2025-11-01 05:32:54 [WARNING] paezlobato_servidor: Aviso: faltan datos de facturaci贸n
2025-11-01 05:32:54 [ERROR] paezlobato_servidor: Error al conectar con MySQL
NoneType: None
2025-11-01 05:32:55 [INFO] configurar_logs:  Logging configurado correctamente
2025-11-01 05:32:55 [INFO] paezlobato_servidor: Aplicaci贸n iniciada
2025-11-01 05:32:55 [WARNING] paezlobato_servidor: Aviso: faltan datos de facturaci贸n
2025-11-01 05:32:55 [ERROR] paezlobato_servidor: Error al conectar con MySQL
NoneType: None
2025-11-01 05:32:55 [INFO] configurar_logs:  Logging configurado correctamente
2025-11-01 05:32:55 [INFO] paezlobato_servidor: Aplicaci贸n iniciada
2025-11-01 05:32:55 [WARNING] paezlobato_servidor: Aviso: faltan datos de facturaci贸n
2025-11-01 05:32:55 [ERROR] paezlobato_servidor: Error al conectar con MySQL
NoneType: None
2025-11-01 05:35:27 [INFO] configurar_logs:  Logging configurado correctamente
2025-11-01 05:35:27 [INFO] paezlobato_servidor: Aplicaci贸n iniciada
2025-11-01 05:35:27 [WARNING] paezlobato_servidor: Aviso: faltan datos de facturaci贸n
2025-11-01 05:35:27 [ERROR] paezlobato_servidor: Error al conectar con MySQL
NoneType: None
2025-11-01 05:35:27 [INFO] configurar_logs:  Logging configurado correctamente
2025-11-01 05:35:27 [INFO] paezlobato_servidor: Aplicaci贸n iniciada
2025-11-01 05:35:27 [WARNING] paezlobato_servidor: Aviso: faltan datos de facturaci贸n
2025-11-01 05:35:27 [ERROR] paezlobato_servidor: Error al conectar con MySQL
NoneType: None
2025-11-01 05:35:35 [INFO] configurar_logs:  Logging configurado correctamente
2025-11-01 05:35:35 [INFO] paezlobato_servidor: Aplicaci贸n iniciada
2025-11-01 05:35:35 [WARNING] paezlobato_servidor: Aviso: faltan datos de facturaci贸n
2025-11-01 05:35:35 [ERROR] paezlobato_servidor: Error al conectar con MySQL
NoneType: None
2025-11-01 05:35:35 [INFO] configurar_logs:  Logging configurado correctamente
2025-11-01 05:35:35 [INFO] paezlobato_servidor: Aplicaci贸n iniciada
2025-11-01 05:35:35 [WARNING] paezlobato_servidor: Aviso: faltan datos de facturaci贸n
2025-11-01 05:35:35 [ERROR] paezlobato_servidor: Error al conectar con MySQL
NoneType: None
2025-11-01 05:35:56 [INFO] configurar_logs:  Logging configurado correctamente
2025-11-01 05:35:56 [INFO] paezlobato_servidor: Aplicaci贸n iniciada
2025-11-01 05:35:56 [WARNING] paezlobato_servidor: Aviso: faltan datos de facturaci贸n
2025-11-01 05:35:56 [ERROR] paezlobato_servidor: Error al conectar con MySQL
NoneType: None
2025-11-01 05:35:56 [INFO] configurar_logs:  Logging configurado correctamente
2025-11-01 05:35:56 [INFO] paezlobato_servidor: Aplicaci贸n iniciada
2025-11-01 05:35:56 [WARNING] paezlobato_servidor: Aviso: faltan datos de facturaci贸n
2025-11-01 05:35:56 [ERROR] paezlobato_servidor: Error al conectar con MySQL
NoneType: None
2025-11-01 05:36:04 [INFO] configurar_logs:  Logging configurado correctamente
2025-11-01 05:36:04 [INFO] paezlobato_servidor: Aplicaci贸n iniciada
2025-11-01 05:36:04 [WARNING] paezlobato_servidor: Aviso: faltan datos de facturaci贸n
2025-11-01 05:36:04 [ERROR] paezlobato_servidor: Error al conectar con MySQL
NoneType: None
2025-11-01 05:36:05 [INFO] configurar_logs:  Logging configurado correctamente
2025-11-01 05:36:05 [INFO] paezlobato_servidor: Aplicaci贸n iniciada
2025-11-01 05:36:05 [WARNING] paezlobato_servidor: Aviso: faltan datos de facturaci贸n
2025-11-01 05:36:05 [ERROR] paezlobato_servidor: Error al conectar con MySQL
NoneType: None
2025-11-01 05:36:05 [INFO] configurar_logs:  Logging configurado correctamente
2025-11-01 05:36:05 [INFO] paezlobato_servidor: Aplicaci贸n iniciada
2025-11-01 05:36:05 [WARNING] paezlobato_servidor: Aviso: faltan datos de facturaci贸n
2025-11-01 05:36:05 [ERROR] paezlobato_servidor: Error al conectar con MySQL
NoneType: None
2025-11-01 05:36:42 [INFO] configurar_logs:  Logging configurado correctamente
2025-11-01 05:36:42 [INFO] paezlobato_servidor: Aplicaci贸n iniciada
2025-11-01 05:36:42 [WARNING] paezlobato_servidor: Aviso: faltan datos de facturaci贸n
2025-11-01 05:36:42 [ERROR] paezlobato_servidor: Error al conectar con MySQL
NoneType: None
2025-11-01 05:36:43 [INFO] configurar_logs:  Logging configurado correctamente
2025-11-01 05:36:43 [INFO] paezlobato_servidor: Aplicaci贸n iniciada
2025-11-01 05:36:43 [WARNING] paezlobato_servidor: Aviso: faltan datos de facturaci贸n
2025-11-01 05:36:43 [ERROR] paezlobato_servidor: Error al conectar con MySQL
NoneType: None
2025-11-01 05:36:43 [INFO] configurar_logs:  Logging configurado correctamente
2025-11-01 05:36:43 [INFO] paezlobato_servidor: Aplicaci贸n iniciada
2025-11-01 05:36:43 [WARNING] paezlobato_servidor: Aviso: faltan datos de facturaci贸n
2025-11-01 05:36:43 [ERROR] paezlobato_servidor: Error al conectar con MySQL
NoneType: None
2025-11-01 05:37:24 [INFO] configurar_logs:  Logging configurado correctamente
2025-11-01 05:37:24 [INFO] paezlobato_servidor: Aplicaci贸n iniciada
2025-11-01 05:37:24 [INFO] configurar_logs:  Logging configurado correctamente
2025-11-01 05:37:24 [INFO] paezlobato_servidor: Aplicaci贸n iniciada
2025-11-01 05:38:59 [INFO] configurar_logs:  Logging configurado correctamente
2025-11-01 05:38:59 [INFO] paezlobato_servidor: Aplicaci贸n iniciada
2025-11-01 05:38:59 [INFO] configurar_logs:  Logging configurado correctamente
2025-11-01 05:38:59 [INFO] paezlobato_servidor: Aplicaci贸n iniciada
2025-11-01 05:39:48 [INFO] configurar_logs:  Logging configurado correctamente
2025-11-01 05:39:48 [INFO] paezlobato_servidor: Aplicaci贸n iniciada
2025-11-01 05:39:48 [INFO] configurar_logs:  Logging configurado correctamente
2025-11-01 05:39:48 [INFO] paezlobato_servidor: Aplicaci贸n iniciada
2025-11-01 05:39:57 [INFO] configurar_logs:  Logging configurado correctamente
2025-11-01 05:39:57 [INFO] paezlobato_servidor: Aplicaci贸n iniciada
2025-11-01 05:39:58 [INFO] configurar_logs:  Logging configurado correctamente
2025-11-01 05:39:58 [INFO] paezlobato_servidor: Aplicaci贸n iniciada
2025-11-01 05:39:58 [INFO] configurar_logs:  Logging configurado correctamente
2025-11-01 05:39:58 [INFO] paezlobato_servidor: Aplicaci贸n iniciada
2025-11-01 05:42:01 [INFO] configurar_logs:  Logging configurado correctamente
2025-11-01 05:42:01 [INFO] paezlobato_servidor: Aplicaci贸n iniciada
2025-11-01 05:42:01 [INFO] configurar_logs:  Logging configurado correctamente
2025-11-01 05:42:01 [INFO] paezlobato_servidor: Aplicaci贸n iniciada
2025-11-01 05:42:10 [INFO] configurar_logs:  Logging configurado correctamente
2025-11-01 05:42:10 [INFO] paezlobato_servidor: Aplicaci贸n iniciada
2025-11-01 05:42:11 [INFO] configurar_logs:  Logging configurado correctamente
2025-11-01 05:42:11 [INFO] paezlobato_servidor: Aplicaci贸n iniciada
2025-11-01 05:42:11 [INFO] configurar_logs:  Logging configurado correctamente
2025-11-01 05:42:11 [INFO] paezlobato_servidor: Aplicaci贸n iniciada
2025-11-01 05:43:00 [INFO] configurar_logs:  Logging configurado correctamente
2025-11-01 05:43:00 [INFO] paezlobato_servidor: Aplicaci贸n iniciada
2025-11-01 05:43:00 [INFO] configurar_logs:  Logging configurado correctamente
2025-11-01 05:43:00 [INFO] paezlobato_servidor: Aplicaci贸n iniciada
2025-11-01 05:43:15 [INFO] configurar_logs:  Logging configurado correctamente
2025-11-01 05:43:15 [INFO] paezlobato_servidor: Aplicaci贸n iniciada
2025-11-01 05:43:16 [INFO] configurar_logs:  Logging configurado correctamente
2025-11-01 05:43:16 [INFO] paezlobato_servidor: Aplicaci贸n iniciada
2025-11-01 05:43:16 [INFO] configurar_logs:  Logging configurado correctamente
2025-11-01 05:43:16 [INFO] paezlobato_servidor: Aplicaci贸n iniciada
2025-11-01 05:44:03 [INFO] configurar_logs:  Logging configurado correctamente
2025-11-01 05:44:03 [INFO] paezlobato_servidor: Aplicaci贸n iniciada
2025-11-01 05:44:03 [INFO] configurar_logs:  Logging configurado correctamente
2025-11-01 05:44:03 [INFO] paezlobato_servidor: Aplicaci贸n iniciada
2025-11-01 05:45:53 [INFO] configurar_logs:  Logging configurado correctamente
2025-11-01 05:45:53 [INFO] paezlobato_servidor: Aplicaci贸n iniciada
2025-11-01 05:45:54 [INFO] configurar_logs:  Logging configurado correctamente
2025-11-01 05:45:54 [INFO] paezlobato_servidor: Aplicaci贸n iniciada
2025-11-01 05:45:54 [INFO] configurar_logs:  Logging configurado correctamente
2025-11-01 05:45:54 [INFO] paezlobato_servidor: Aplicaci贸n iniciada
2025-11-01 05:46:34 [INFO] configurar_logs:  Logging configurado correctamente
2025-11-01 05:46:34 [INFO] paezlobato_servidor: Aplicaci贸n iniciada
2025-11-01 05:46:34 [INFO] configurar_logs:  Logging configurado correctamente
2025-11-01 05:46:34 [INFO] paezlobato_servidor: Aplicaci贸n iniciada
2025-11-01 05:52:14 [INFO] configurar_logs:  Logging configurado correctamente
2025-11-01 05:52:14 [INFO] paezlobato_servidor: Aplicaci贸n iniciada
2025-11-01 05:52:49 [INFO] configurar_logs:  Logging configurado correctamente
2025-11-01 05:52:49 [INFO] paezlobato_servidor: Aplicaci贸n iniciada
2025-11-01 05:52:49 [INFO] configurar_logs:  Logging configurado correctamente
2025-11-01 05:52:49 [INFO] paezlobato_servidor: Aplicaci贸n iniciada
2025-11-01 05:53:01 [INFO] configurar_logs:  Logging configurado correctamente
2025-11-01 05:53:01 [INFO] paezlobato_servidor: Aplicaci贸n iniciada
2025-11-01 05:53:02 [INFO] configurar_logs:  Logging configurado correctamente
2025-11-01 05:53:02 [INFO] paezlobato_servidor: Aplicaci贸n iniciada
2025-11-01 05:53:02 [INFO] configurar_logs:  Logging configurado correctamente
2025-11-01 05:53:02 [INFO] paezlobato_servidor: Aplicaci贸n iniciada
2025-11-01 05:54:15 [INFO] configurar_logs:  Logging configurado correctamente
2025-11-01 05:54:15 [INFO] paezlobato_servidor: Aplicaci贸n iniciada
2025-11-01 05:54:15 [INFO] configurar_logs:  Logging configurado correctamente
2025-11-01 05:54:15 [INFO] paezlobato_servidor: Aplicaci贸n iniciada
2025-11-01 05:54:29 [INFO] configurar_logs:  Logging configurado correctamente
2025-11-01 05:54:29 [INFO] paezlobato_servidor: Aplicaci贸n iniciada
2025-11-01 05:54:29 [INFO] configurar_logs:  Logging configurado correctamente
2025-11-01 05:54:29 [INFO] paezlobato_servidor: Aplicaci贸n iniciada
2025-11-01 05:54:38 [INFO] configurar_logs:  Logging configurado correctamente
2025-11-01 05:54:38 [INFO] paezlobato_servidor: Aplicaci贸n iniciada
2025-11-01 05:54:38 [INFO] configurar_logs:  Logging configurado correctamente
2025-11-01 05:54:38 [INFO] paezlobato_servidor: Aplicaci贸n iniciada
2025-11-01 05:55:35 [INFO] configurar_logs:  Logging configurado correctamente
2025-11-01 05:55:35 [INFO] paezlobato_servidor: Aplicaci贸n iniciada
2025-11-01 05:55:42 [INFO] configurar_logs:  Logging configurado correctamente
2025-11-01 05:55:42 [INFO] paezlobato_servidor: Aplicaci贸n iniciada
2025-11-01 05:56:06 [INFO] configurar_logs:  Logging configurado correctamente
2025-11-01 05:56:06 [INFO] paezlobato_servidor: Aplicaci贸n iniciada
2025-11-01 05:56:19 [INFO] configurar_logs:  Logging configurado correctamente
2025-11-01 05:56:19 [INFO] paezlobato_servidor: Aplicaci贸n iniciada
2025-11-01 05:56:47 [INFO] configurar_logs:  Logging configurado correctamente
2025-11-01 05:56:47 [INFO] paezlobato_servidor: Aplicaci贸n iniciada
2025-11-01 05:56:47 [INFO] configurar_logs:  Logging configurado correctamente
2025-11-01 05:56:47 [INFO] paezlobato_servidor: Aplicaci贸n iniciada
2025-11-01 05:56:48 [INFO] configurar_logs:  Logging configurado correctamente
2025-11-01 05:56:48 [INFO] paezlobato_servidor: Aplicaci贸n iniciada
2025-11-01 05:57:16 [INFO] configurar_logs:  Logging configurado correctamente
2025-11-01 05:57:16 [INFO] paezlobato_servidor: Aplicaci贸n iniciada
2025-11-01 05:57:16 [INFO] configurar_logs:  Logging configurado correctamente
2025-11-01 05:57:16 [INFO] paezlobato_servidor: Aplicaci贸n iniciada
2025-11-01 06:01:42 [INFO] configurar_logs:  Logging configurado correctamente
2025-11-01 06:01:42 [INFO] paezlobato_servidor: Aplicaci贸n iniciada
2025-11-01 06:01:43 [INFO] configurar_logs:  Logging configurado correctamente
2025-11-01 06:01:43 [INFO] paezlobato_servidor: Aplicaci贸n iniciada
2025-11-01 06:01:43 [INFO] configurar_logs:  Logging configurado correctamente
2025-11-01 06:01:43 [INFO] paezlobato_servidor: Aplicaci贸n iniciada
2025-11-01 06:03:18 [INFO] configurar_logs:  Logging configurado correctamente
2025-11-01 06:03:18 [INFO] paezlobato_servidor: Aplicaci贸n iniciada
2025-11-01 06:03:18 [INFO] configurar_logs:  Logging configurado correctamente
2025-11-01 06:03:18 [INFO] paezlobato_servidor: Aplicaci贸n iniciada
2025-11-01 06:04:00 [INFO] configurar_logs:  Logging configurado correctamente
2025-11-01 06:04:00 [INFO] paezlobato_servidor: Aplicaci贸n iniciada
2025-11-01 06:04:00 [INFO] configurar_logs:  Logging configurado correctamente
2025-11-01 06:04:00 [INFO] paezlobato_servidor: Aplicaci贸n iniciada
2025-11-01 06:04:10 [INFO] configurar_logs:  Logging configurado correctamente
2025-11-01 06:04:10 [INFO] paezlobato_servidor: Aplicaci贸n iniciada
2025-11-01 06:04:10 [INFO] configurar_logs:  Logging configurado correctamente
2025-11-01 06:04:10 [INFO] paezlobato_servidor: Aplicaci贸n iniciada
2025-11-01 06:07:21 [INFO] configurar_logs:  Logging configurado correctamente
2025-11-01 06:07:21 [INFO] paezlobato_servidor: Aplicaci贸n iniciada
2025-11-01 06:07:21 [INFO] configurar_logs:  Logging configurado correctamente
2025-11-01 06:07:21 [INFO] paezlobato_servidor: Aplicaci贸n iniciada
2025-11-01 06:07:50 [INFO] configurar_logs:  Logging configurado correctamente
2025-11-01 06:07:50 [INFO] paezlobato_servidor: Aplicaci贸n iniciada
2025-11-01 06:07:50 [INFO] configurar_logs:  Logging configurado correctamente
2025-11-01 06:07:50 [INFO] paezlobato_servidor: Aplicaci贸n iniciada
2025-11-01 06:11:16 [INFO] configurar_logs:  Logging configurado correctamente
2025-11-01 06:11:16 [INFO] paezlobato_servidor: Aplicaci贸n iniciada
2025-11-01 06:11:16 [INFO] configurar_logs:  Logging configurado correctamente
2025-11-01 06:11:16 [INFO] paezlobato_servidor: Aplicaci贸n iniciada
2025-11-01 06:12:29 [INFO] configurar_logs:  Logging configurado correctamente
2025-11-01 06:12:29 [INFO] paezlobato_servidor: Aplicaci贸n iniciada
2025-11-01 06:13:01 [INFO] configurar_logs:  Logging configurado correctamente
2025-11-01 06:13:01 [INFO] paezlobato_servidor: Aplicaci贸n iniciada
2025-11-01 06:14:11 [INFO] configurar_logs:  Logging configurado correctamente
2025-11-01 06:14:11 [INFO] paezlobato_servidor: Aplicaci贸n iniciada
2025-11-01 06:17:02 [INFO] configurar_logs:  Logging configurado correctamente
2025-11-01 06:17:02 [INFO] paezlobato_servidor: Aplicaci贸n iniciada
2025-11-01 06:17:02 [INFO] configurar_logs:  Logging configurado correctamente
2025-11-01 06:17:02 [INFO] paezlobato_servidor: Aplicaci贸n iniciada
2025-11-01 06:17:57 [INFO] configurar_logs:  Logging configurado correctamente
2025-11-01 06:17:57 [INFO] paezlobato_servidor: Aplicaci贸n iniciada
2025-11-01 06:17:57 [INFO] configurar_logs:  Logging configurado correctamente
2025-11-01 06:17:57 [INFO] paezlobato_servidor: Aplicaci贸n iniciada
2025-11-01 06:19:53 [INFO] configurar_logs:  Logging configurado correctamente
2025-11-01 06:19:53 [INFO] paezlobato_servidor: Aplicaci贸n iniciada
2025-11-01 06:19:53 [INFO] configurar_logs:  Logging configurado correctamente
2025-11-01 06:19:53 [INFO] paezlobato_servidor: Aplicaci贸n iniciada
2025-11-01 06:22:04 [INFO] configurar_logs:  Logging configurado correctamente
2025-11-01 06:22:04 [INFO] paezlobato_servidor: Aplicaci贸n iniciada
2025-11-01 06:22:04 [INFO] configurar_logs:  Logging configurado correctamente
2025-11-01 06:22:04 [INFO] paezlobato_servidor: Aplicaci贸n iniciada
2025-11-01 06:23:22 [INFO] configurar_logs:  Logging configurado correctamente
2025-11-01 06:23:22 [INFO] paezlobato_servidor: Aplicaci贸n iniciada
2025-11-01 06:25:12 [INFO] configurar_logs:  Logging configurado correctamente
2025-11-01 06:25:12 [INFO] paezlobato_servidor: Aplicaci贸n iniciada
2025-11-01 06:25:12 [INFO] configurar_logs:  Logging configurado correctamente
2025-11-01 06:25:12 [INFO] paezlobato_servidor: Aplicaci贸n iniciada
2025-11-01 06:27:10 [INFO] configurar_logs:  Logging configurado correctamente
2025-11-01 06:27:10 [INFO] paezlobato_servidor: Aplicaci贸n iniciada
2025-11-01 06:27:10 [INFO] configurar_logs:  Logging configurado correctamente
2025-11-01 06:27:10 [INFO] paezlobato_servidor: Aplicaci贸n iniciada
2025-11-01 06:30:16 [INFO] configurar_logs:  Logging configurado correctamente
2025-11-01 06:30:16 [INFO] paezlobato_servidor: Aplicaci贸n iniciada
2025-11-01 06:30:16 [INFO] configurar_logs:  Logging configurado correctamente
2025-11-01 06:30:16 [INFO] paezlobato_servidor: Aplicaci贸n iniciada
2025-11-01 06:31:27 [INFO] configurar_logs:  Logging configurado correctamente
2025-11-01 06:31:27 [INFO] paezlobato_servidor: Aplicaci贸n iniciada
2025-11-01 06:31:27 [INFO] configurar_logs:  Logging configurado correctamente
2025-11-01 06:31:27 [INFO] paezlobato_servidor: Aplicaci贸n iniciada
2025-11-01 06:31:37 [INFO] configurar_logs:  Logging configurado correctamente
2025-11-01 06:31:37 [INFO] paezlobato_servidor: Aplicaci贸n iniciada
2025-11-01 06:31:37 [INFO] configurar_logs:  Logging configurado correctamente
2025-11-01 06:31:37 [INFO] paezlobato_servidor: Aplicaci贸n iniciada
2025-11-01 06:31:59 [INFO] configurar_logs:  Logging configurado correctamente
2025-11-01 06:31:59 [INFO] paezlobato_servidor: Aplicaci贸n iniciada
2025-11-01 06:32:00 [INFO] configurar_logs:  Logging configurado correctamente
2025-11-01 06:32:00 [INFO] paezlobato_servidor: Aplicaci贸n iniciada
2025-11-01 06:32:20 [INFO] configurar_logs:  Logging configurado correctamente
2025-11-01 06:32:20 [INFO] paezlobato_servidor: Aplicaci贸n iniciada
2025-11-01 06:32:20 [INFO] configurar_logs:  Logging configurado correctamente
2025-11-01 06:32:20 [INFO] paezlobato_servidor: Aplicaci贸n iniciada
2025-11-01 06:38:30 [INFO] configurar_logs:  Logging configurado correctamente
2025-11-01 06:38:30 [INFO] paezlobato_servidor: Aplicaci贸n iniciada
2025-11-01 06:38:31 [INFO] configurar_logs:  Logging configurado correctamente
2025-11-01 06:38:31 [INFO] paezlobato_servidor: Aplicaci贸n iniciada
2025-11-01 06:38:32 [INFO] configurar_logs:  Logging configurado correctamente
2025-11-01 06:38:32 [INFO] paezlobato_servidor: Aplicaci贸n iniciada
